<?xml version="1.0" encoding="UTF-8"?>
<!-- Generated by org.testng.reporters.JUnitReportReporter -->
<testsuite hostname="AEZIONDEV10" name="CBLwebAutomation.Practice" tests="1" failures="0" timestamp="3 Aug 2017 10:23:11 GMT" time="0.014" errors="1">
  <testcase name="Employees" time="0.014" classname="CBLwebAutomation.Practice">
    <error type="java.lang.IllegalAccessException" message="Class org.testng.internal.MethodInvocationHelper can not access a member of class CBLwebAutomation.Practice with modifiers &quot;public&quot;">
      <![CDATA[java.lang.IllegalAccessException: Class org.testng.internal.MethodInvocationHelper can not access a member of class CBLwebAutomation.Practice with modifiers "public"
	at sun.reflect.Reflection.ensureMemberAccess(Unknown Source)
	at java.lang.reflect.AccessibleObject.slowCheckMemberAccess(Unknown Source)
	at java.lang.reflect.AccessibleObject.checkAccess(Unknown Source)
	at java.lang.reflect.Method.invoke(Unknown Source)
	at org.testng.internal.MethodInvocationHelper.invokeMethod(MethodInvocationHelper.java:85)
	at org.testng.internal.Invoker.invokeMethod(Invoker.java:639)
	at org.testng.internal.Invoker.invokeTestMethod(Invoker.java:816)
	at org.testng.internal.Invoker.invokeTestMethods(Invoker.java:1124)
	at org.testng.internal.TestMethodWorker.invokeTestMethods(TestMethodWorker.java:125)
	at org.testng.internal.TestMethodWorker.run(TestMethodWorker.java:108)
	at org.testng.TestRunner.privateRun(TestRunner.java:774)
	at org.testng.TestRunner.run(TestRunner.java:624)
	at org.testng.SuiteRunner.runTest(SuiteRunner.java:359)
	at org.testng.SuiteRunner.runSequentially(SuiteRunner.java:354)
	at org.testng.SuiteRunner.privateRun(SuiteRunner.java:312)
	at org.testng.SuiteRunner.run(SuiteRunner.java:261)
	at org.testng.SuiteRunnerWorker.runSuite(SuiteRunnerWorker.java:52)
	at org.testng.SuiteRunnerWorker.run(SuiteRunnerWorker.java:86)
	at org.testng.TestNG.runSuitesSequentially(TestNG.java:1215)
	at org.testng.TestNG.runSuitesLocally(TestNG.java:1140)
	at org.testng.TestNG.run(TestNG.java:1048)
	at org.testng.remote.AbstractRemoteTestNG.run(AbstractRemoteTestNG.java:132)
	at org.testng.remote.RemoteTestNG.initAndRun(RemoteTestNG.java:230)
	at org.testng.remote.RemoteTestNG.main(RemoteTestNG.java:76)
]]>
    </error>
  </testcase> <!-- Employees -->
</testsuite> <!-- CBLwebAutomation.Practice -->
